=== Session: 2025-12-29T10:00:00-05:00 ===
## Summary

Completed **organization-wide issue triage** for all jcaldwell-labs repositories.

**Scope**: All 10 repositories in the organization

## Actions Taken

### Issue Triage & Sprint Planning

| Repository | Issues | Sprints | Notes |
|------------|--------|---------|-------|
| my-grid | 16 | sprint-001 → sprint-004 | Closed 8 duplicates/far-future |
| atari-style | 15 | sprint-001 → sprint-004 | Closed #137 (completed), #122, #62 |
| fintrack | 8 | sprint-001 → sprint-004 + backlog | All issues retained |
| boxes-live | 8 | sprint-001 → sprint-003 + backlog | All issues retained |
| adventure-engine-v2 | 9 | sprint-001 → sprint-003 + backlog | All issues retained |
| smartterm-prototype | 5 | sprint-001 → sprint-003 | All issues retained |
| terminal-stars | 1 | backlog | Visibility issue |
| my-context | 1 | backlog | Visibility issue |
| tario | 0 | n/a | No open issues |
| capability-catalog | 0 | n/a | No open issues |

**Total**: 63 open issues organized across 8 repositories

### Labels Created

Created consistent sprint labels across all repos:
- `sprint-001` (green) - Core/foundational work
- `sprint-002` (blue) - Secondary features
- `sprint-003` (purple) - Polish/integration
- `sprint-004` (yellow) - Advanced features (where needed)
- `backlog` (light blue) - Future work

### Issues Closed

- my-grid: #53, #18, #25, #31, #33, #56, #57, #16 (8 total)
- atari-style: #137, #122, #62 (3 total)

**Total closed**: 11 issues (duplicates, completed, far-future)

## Health Status Post-Triage

All projects healthy (80-100%):
- 🟢 8 projects at 100%
- 🟢 2 projects at 88% (my-grid, atari-style - activity 6-7 days ago)

## Next Priorities

1. **my-grid sprint-001**: Mode toggle commands, test coverage
2. **atari-style sprint-001**: Performance benchmarks, Lissajous enhancements
3. **fintrack sprint-001**: Transaction CRUD operations
4. **boxes-live sprint-001**: File/process association, storyboard import

## Session Metrics

- Repositories processed: 10
- Issues triaged: 63
- Issues closed: 11
- Sprint labels created: ~25 (across repos)
- Duration: ~30 minutes

---

## my-grid Advancement (Issue #10)

**PR Created**: https://github.com/jcaldwell-labs/my-grid/pull/62
**Branch**: feature/undo-redo
**Commit**: 31568a2

**Changes Made**:
- Created `src/undo.py`:
  - `UndoManager` class with configurable history depth
  - `CellOperation` for tracking cell changes
  - Snapshot helpers for single cells and regions
- Updated `src/input.py`:
  - Added UNDO and REDO actions
  - Added Ctrl+Z and Ctrl+R keybindings
- Updated `src/modes.py`:
  - Added 'u' key handling in NAV mode (vim-style undo)
- Updated `src/main.py`:
  - Integrated UndoManager with Application
  - Added _do_undo, _do_redo methods
  - Registered :undo, :redo, :history commands
  - Updated help screen with undo/redo section
- Created `tests/test_undo.py`:
  - 23 comprehensive tests

**Results**:
- 23 new tests added (194 → 217 total)
- All 217 tests pass
