=== Session: 2025-12-24T08:30:00-05:00 ===
## Summary

Advanced **my-grid** with comprehensive test coverage for Visual Selection Mode (Issue #53).

**Issue Addressed**: #53 - Testing: Visual Selection Mode Validation (Post-Merge)

**Changes Made**:
- Added `TestSelection` class (5 tests) for Selection dataclass
- Added `TestVisualMode` class (14 tests) covering:
  - TC1: Enter/Exit VISUAL mode
  - TC2: Extend selection with movement
  - TC3: Shrink selection
  - TC4: Yank selection command
  - TC5: Delete selection command
  - TC6: Fill selection (COMMAND mode)
  - EC1: Zero-size selection edge case
  - EC5: Selection inversion edge case
  - Graceful recovery test

**Commit**: `6982849` - "test: Add comprehensive Visual Selection Mode tests (Issue #53)"

**Results**:
- 19 new tests added (175 → 194 total)
- All 194 tests pass
- Branch is ahead of origin by 1 commit (ready for push)

**Next Priority**: 
- Issue #38: Continue increasing test coverage toward 80% goal
- Current coverage: ~24% → needs significant work on zones.py, renderer.py
