=== Session: 2025-12-24T09:00:00-05:00 ===
## Summary

Advanced **atari-style** with the Trigonometric Color Palette System (Issue #137 Phase 1).

**Issue Addressed**: #137 - Add Trigonometric Color Palette System

**Changes Made**:
- Created `atari_style/core/trig_palette.py`:
  - Core `palette(t, a, b, c, d)` function based on Inigo Quilez technique
  - 12 preset palettes: rainbow, sunset, ocean, fire, neon, pastel, 
    forest, cyberpunk, grayscale, heat, ice, lava
  - `palette_rgb()` for integer RGB output
  - `palette_to_list()` for color sequences
  - `interpolate_palettes()` for blending
  - `to_terminal_256()` for terminal color mapping
  - GLSL code generation functions

- Created `atari_style/shaders/include/trig_palette.glsl`:
  - GLSL version of palette function
  - All presets as shader constants
  - Helper functions for animation and mixing

- Created `tests/test_trig_palette.py`:
  - 28 comprehensive tests covering all functionality

**Commit**: `719eff5` - "feat: Add trigonometric color palette system (Issue #137)"
**Branch**: feature/ascii-postprocess-shader

**Results**:
- 28 new tests added (583 → 611 total)
- All 611 tests pass
- Pushed to origin

**Next Priority**:
- Issue #137 Phase 2: Terminal color mapping with dithering
- Issue #137 Phase 3: CLI integration with Lissajous visualizers
